Build started 5/16/2014 12:02:25 PM.
     1>Project "C:\Users\Zephiro309\Desktop\System\FEUP\ano2\semestre2\CGRA\Projecto\6th class\CGFexample.vcxproj" on node 2 (build target(s)).
     1>InitializeBuildStatus:
         Touching "..\buildtemp\CGFexample\CGFexample.unsuccessfulbuild".
       ClCompile:
         C:\Program Files (x86)\Microsoft Visual Studio 10.0\VC\bin\CL.exe /c /ZI /nologo /W3 /WX- /Od /Oy- /D _MBCS /Gm /EHsc /RTC1 /MDd /GS /fp:precise /Zc:wchar_t /Zc:forScope /Fo"..\buildtemp\CGFexample\\" /Fd"..\buildtemp\CGFexample\vc100.pdb" /Gd /TP /analyze- /errorReport:prompt src\Face.cpp src\Robot.cpp
         Robot.cpp
     1>c:\users\zephiro309\desktop\system\feup\ano2\semestre2\cgra\projecto\6th class\src\face.h(7): error C2087: 'vertex' : missing subscript
     1>c:\users\zephiro309\desktop\system\feup\ano2\semestre2\cgra\projecto\6th class\src\face.h(7): warning C4200: nonstandard extension used : zero-sized array in struct/union
                 Cannot generate copy-ctor or copy-assignment operator when UDT contains a zero-sized array
     1>c:\users\zephiro309\desktop\system\feup\ano2\semestre2\cgra\projecto\6th class\src\robot.cpp(4): error C2374: 'SIXTH' : redefinition; multiple initialization
                 c:\users\zephiro309\desktop\system\feup\ano2\semestre2\cgra\projecto\6th class\src\face.cpp(6) : see declaration of 'SIXTH'
     1>c:\users\zephiro309\desktop\system\feup\ano2\semestre2\cgra\projecto\6th class\src\robot.cpp(6): error C2512: 'Face' : no appropriate default constructor available
     1>c:\users\zephiro309\desktop\system\feup\ano2\semestre2\cgra\projecto\6th class\src\robot.cpp(7): error C2064: term does not evaluate to a function taking 1 arguments
         Face.cpp
     1>c:\users\zephiro309\desktop\system\feup\ano2\semestre2\cgra\projecto\6th class\src\face.h(4): error C2504: 'CGFobject' : base class undefined
     1>c:\users\zephiro309\desktop\system\feup\ano2\semestre2\cgra\projecto\6th class\src\face.h(7): error C2087: 'vertex' : missing subscript
     1>c:\users\zephiro309\desktop\system\feup\ano2\semestre2\cgra\projecto\6th class\src\face.h(7): warning C4200: nonstandard extension used : zero-sized array in struct/union
                 Cannot generate copy-ctor or copy-assignment operator when UDT contains a zero-sized array
         Generating Code...
     1>Done Building Project "C:\Users\Zephiro309\Desktop\System\FEUP\ano2\semestre2\CGRA\Projecto\6th class\CGFexample.vcxproj" (build target(s)) -- FAILED.

Build FAILED.

Time Elapsed 00:00:00.33
